<?xml version="1.0" encoding="UTF-8"?>
<testsuite xmlns:xsi="http://www.w3.org/2001/XMLSchema-instance" xsi:noNamespaceSchemaLocation="https://maven.apache.org/surefire/maven-surefire-plugin/xsd/surefire-test-report.xsd" name="io.github.janezhangoo.AppTest" time="0.047" tests="1" errors="0" skipped="0" failures="0">
  <properties>
    <property name="sun.desktop" value="windows"/>
    <property name="awt.toolkit" value="sun.awt.windows.WToolkit"/>
    <property name="java.specification.version" value="11"/>
    <property name="sun.cpu.isalist" value="amd64"/>
    <property name="sun.jnu.encoding" value="Cp1252"/>
    <property name="java.class.path" value="C:\github\java-examples\cs-programming-java\leetcode\target\test-classes;C:\github\java-examples\cs-programming-java\leetcode\target\classes;C:\Users\Jane\.m2\repository\junit\junit\4.11\junit-4.11.jar;C:\Users\Jane\.m2\repository\org\hamcrest\hamcrest-core\1.3\hamcrest-core-1.3.jar;"/>
    <property name="java.vm.vendor" value="Azul Systems, Inc."/>
    <property name="sun.arch.data.model" value="64"/>
    <property name="user.variant" value=""/>
    <property name="java.vendor.url" value="http://www.azul.com/"/>
    <property name="user.timezone" value="Asia/Shanghai"/>
    <property name="java.vm.specification.version" value="11"/>
    <property name="os.name" value="Windows 10"/>
    <property name="sun.java.launcher" value="SUN_STANDARD"/>
    <property name="user.country" value="US"/>
    <property name="sun.boot.library.path" value="C:\software\zulu11.50.19-ca-jdk11.0.12-win_x64\bin"/>
    <property name="sun.java.command" value="C:\Users\Jane\AppData\Local\Temp\surefire2592939146386847122\surefirebooter18143967838616244898.jar C:\Users\Jane\AppData\Local\Temp\surefire2592939146386847122 2022-11-21T18-59-58_585-jvmRun1 surefire13794186888752810457tmp surefire_17064222994710096263tmp"/>
    <property name="jdk.debug" value="release"/>
    <property name="surefire.test.class.path" value="C:\github\java-examples\cs-programming-java\leetcode\target\test-classes;C:\github\java-examples\cs-programming-java\leetcode\target\classes;C:\Users\Jane\.m2\repository\junit\junit\4.11\junit-4.11.jar;C:\Users\Jane\.m2\repository\org\hamcrest\hamcrest-core\1.3\hamcrest-core-1.3.jar;"/>
    <property name="sun.cpu.endian" value="little"/>
    <property name="user.home" value="C:\Users\Jane"/>
    <property name="user.language" value="en"/>
    <property name="java.specification.vendor" value="Oracle Corporation"/>
    <property name="java.version.date" value="2021-07-20"/>
    <property name="java.home" value="C:\software\zulu11.50.19-ca-jdk11.0.12-win_x64"/>
    <property name="file.separator" value="\"/>
    <property name="basedir" value="C:\github\java-examples\cs-programming-java\leetcode"/>
    <property name="java.vm.compressedOopsMode" value="Zero based"/>
    <property name="line.separator" value="&#10;"/>
    <property name="java.specification.name" value="Java Platform API Specification"/>
    <property name="java.vm.specification.vendor" value="Oracle Corporation"/>
    <property name="jdk.vendor.version" value="Zulu11.50+19-CA"/>
    <property name="java.awt.graphicsenv" value="sun.awt.Win32GraphicsEnvironment"/>
    <property name="surefire.real.class.path" value="C:\Users\Jane\AppData\Local\Temp\surefire2592939146386847122\surefirebooter18143967838616244898.jar"/>
    <property name="user.script" value=""/>
    <property name="sun.management.compiler" value="HotSpot 64-Bit Tiered Compilers"/>
    <property name="java.runtime.version" value="11.0.12+7-LTS"/>
    <property name="user.name" value="Jane"/>
    <property name="path.separator" value=";"/>
    <property name="os.version" value="10.0"/>
    <property name="java.runtime.name" value="OpenJDK Runtime Environment"/>
    <property name="file.encoding" value="Cp1252"/>
    <property name="java.vm.name" value="OpenJDK 64-Bit Server VM"/>
    <property name="java.vendor.version" value="Zulu11.50+19-CA"/>
    <property name="localRepository" value="C:\Users\Jane\.m2\repository"/>
    <property name="java.vendor.url.bug" value="http://www.azul.com/support/"/>
    <property name="java.io.tmpdir" value="C:\Users\Jane\AppData\Local\Temp\"/>
    <property name="java.version" value="11.0.12"/>
    <property name="user.dir" value="C:\github\java-examples\cs-programming-java\leetcode"/>
    <property name="os.arch" value="amd64"/>
    <property name="java.vm.specification.name" value="Java Virtual Machine Specification"/>
    <property name="java.awt.printerjob" value="sun.awt.windows.WPrinterJob"/>
    <property name="sun.os.patch.level" value=""/>
    <property name="java.library.path" value="C:\software\zulu11.50.19-ca-jdk11.0.12-win_x64\bin;C:\Windows\Sun\Java\bin;C:\Windows\system32;C:\Windows;C:\software\apache-maven-3.8.4\bin;C:\Windows\system32;C:\Windows;C:\Windows\System32\Wbem;C:\Windows\System32\WindowsPowerShell\v1.0\;C:\Windows\System32\OpenSSH\;C:\software\zulu11.50.19-ca-jdk11.0.12-win_x64\bin;C:\Program Files\Git\cmd;C:\Program Files (x86)\Pulse Secure\VC142.CRT\X64\;C:\Program Files (x86)\Pulse Secure\VC142.CRT\X86\;C:\software\chromedriver-100\;C:\Program Files\PuTTY\;C:\Program Files (x86)\Calibre2\;C:\ProgramData\chocolatey\bin;C:\Ruby31-x64\bin;C:\Users\Jane\AppData\Local\Microsoft\WindowsApps;C:\Users\Jane\AppData\Local\Programs\Fiddler;C:\Users\Jane\AppData\Local\Programs\Microsoft VS Code\bin;C:\Users\Jane\AppData\Local\GitHubDesktop\bin;."/>
    <property name="java.vm.info" value="mixed mode"/>
    <property name="java.vendor" value="Azul Systems, Inc."/>
    <property name="java.vm.version" value="11.0.12+7-LTS"/>
    <property name="sun.io.unicode.encoding" value="UnicodeLittle"/>
    <property name="java.class.version" value="55.0"/>
  </properties>
  <testcase name="shouldAnswerWithTrue" classname="io.github.janezhangoo.AppTest" time="0"/>
</testsuite>